<?xml version="1.0" encoding="UTF-8"?>
<!-- Generated by org.testng.reporters.JUnitXMLReporter -->
<testsuite ignored="0" hostname="CPDK301" failures="0" tests="6" name="Test" time="0.144" errors="0" timestamp="2025-02-17T17:14:50 IST">
  <testcase classname="com.selenium_dev.test.AttendanceTest" name="@BeforeSuite setUp" time="0.118">
    <failure type="org.openqa.selenium.remote.NoSuchDriverException" message="Unable to obtain: chromedriver, error chromedriver must exist: path\to\chromedriver
For documentation on this error, please visit: https://www.selenium.dev/documentation/webdriver/troubleshooting/errors/driver_location/
Build info: version: &amp;apos;4.28.1&amp;apos;, revision: &amp;apos;73f5ad48a2&amp;apos;
System info: os.name: &amp;apos;Windows 10&amp;apos;, os.arch: &amp;apos;amd64&amp;apos;, os.version: &amp;apos;10.0&amp;apos;, java.version: &amp;apos;21.0.5&amp;apos;
Driver info: driver.version: ChromeDriver">
      <![CDATA[org.openqa.selenium.remote.NoSuchDriverException: Unable to obtain: chromedriver, error chromedriver must exist: path\to\chromedriver
For documentation on this error, please visit: https://www.selenium.dev/documentation/webdriver/troubleshooting/errors/driver_location/
Build info: version: '4.28.1', revision: '73f5ad48a2'
System info: os.name: 'Windows 10', os.arch: 'amd64', os.version: '10.0', java.version: '21.0.5'
Driver info: driver.version: ChromeDriver
at org.openqa.selenium.remote.service.DriverFinder.getBinaryPaths(DriverFinder.java:121)
at org.openqa.selenium.remote.service.DriverFinder.getDriverPath(DriverFinder.java:55)
at org.openqa.selenium.chrome.ChromeDriver.generateExecutor(ChromeDriver.java:99)
at org.openqa.selenium.chrome.ChromeDriver.<init>(ChromeDriver.java:88)
at org.openqa.selenium.chrome.ChromeDriver.<init>(ChromeDriver.java:83)
at org.openqa.selenium.chrome.ChromeDriver.<init>(ChromeDriver.java:51)
at com.selenium_dev.test.AttendanceTest.setUp(AttendanceTest.java:27)
Caused by: java.lang.IllegalStateException: chromedriver must exist: path\to\chromedriver
at org.openqa.selenium.internal.Require$PathStateChecker.isExecutable(Require.java:475)
at org.openqa.selenium.remote.service.DriverFinder.getBinaryPaths(DriverFinder.java:118)
... 23 more
... Removed 17 stack frames]]>
    </failure>
  </testcase> <!-- @BeforeSuite setUp -->
  <testcase classname="com.selenium_dev.test.AttendanceTest" name="testAdminLogin" time="0.001">
    <skipped/>
  </testcase> <!-- testAdminLogin -->
  <testcase classname="com.selenium_dev.test.AttendanceTest" name="testMarkAttendance" time="0.0">
    <skipped/>
  </testcase> <!-- testMarkAttendance -->
  <testcase classname="com.selenium_dev.test.AttendanceTest" name="testViewAttendanceHistory" time="0.001">
    <skipped/>
  </testcase> <!-- testViewAttendanceHistory -->
  <testcase classname="com.selenium_dev.test.AttendanceTest" name="testViewStudentAttendances" time="0.0">
    <skipped/>
  </testcase> <!-- testViewStudentAttendances -->
  <testcase classname="com.selenium_dev.test.AttendanceTest" name="testViewTeacherAttendances" time="0.0">
    <skipped/>
  </testcase> <!-- testViewTeacherAttendances -->
  <testcase classname="com.selenium_dev.test.AttendanceTest" name="testViewAllAttendances" time="0.0">
    <skipped/>
  </testcase> <!-- testViewAllAttendances -->
</testsuite> <!-- Test -->
